This file contains any messages produced by compilers while
running configure, to aid debugging if configure makes a mistake.

It was created by configure, which was
generated by GNU Autoconf 2.61.  Invocation command line was

  $ ./configure 

## --------- ##
## Platform. ##
## --------- ##

hostname = air.lan
uname -m = i386
uname -r = 10.7.0
uname -s = Darwin
uname -v = Darwin Kernel Version 10.7.0: Sat Jan 29 15:17:16 PST 2011; root:xnu-1504.9.37~1/RELEASE_I386

/usr/bin/uname -p = i386
/bin/uname -X     = unknown

/bin/arch              = unknown
/usr/bin/arch -k       = unknown
/usr/convex/getsysinfo = unknown
/usr/bin/hostinfo      = Mach kernel version:
	 Darwin Kernel Version 10.7.0: Sat Jan 29 15:17:16 PST 2011; root:xnu-1504.9.37~1/RELEASE_I386
Kernel configured for up to 2 processors.
2 processors are physically available.
2 processors are logically available.
Processor type: i486 (Intel 80486)
Processors active: 0 1
Primary memory available: 2.00 gigabytes
Default processor set: 73 tasks, 394 threads, 2 processors
Load average: 1.52, Mach factor: 0.71
/bin/machine           = unknown
/usr/bin/oslevel       = unknown
/bin/universe          = unknown

PATH: /opt/local/bin
PATH: /opt/local/sbin
PATH: /usr/bin
PATH: /bin
PATH: /usr/sbin
PATH: /sbin
PATH: /usr/local/bin
PATH: /usr/X11/bin
PATH: /Users/rurban/bin


## ----------- ##
## Core tests. ##
## ----------- ##

configure:1967: checking for a BSD-compatible install
configure:2023: result: /opt/local/bin/ginstall -c
configure:2034: checking whether build environment is sane
configure:2077: result: yes
configure:2105: checking for a thread-safe mkdir -p
configure:2144: result: /opt/local/bin/gmkdir -p
configure:2157: checking for gawk
configure:2173: found /opt/local/bin/gawk
configure:2184: result: gawk
configure:2195: checking whether make sets $(MAKE)
configure:2216: result: yes
configure:2412: checking for gawk
configure:2439: result: gawk
configure:2498: checking for gcc
configure:2514: found /opt/local/bin/gcc
configure:2525: result: gcc
configure:2763: checking for C compiler version
configure:2770: gcc --version >&5
i686-apple-darwin10-gcc-4.2.1 (GCC) 4.2.1 (Apple Inc. build 5666) (dot 3)
Copyright (C) 2007 Free Software Foundation, Inc.
This is free software; see the source for copying conditions.  There is NO
warranty; not even for MERCHANTABILITY or FITNESS FOR A PARTICULAR PURPOSE.

configure:2773: $? = 0
configure:2780: gcc -v >&5
Using built-in specs.
Target: i686-apple-darwin10
Configured with: /var/tmp/gcc/gcc-5666.3~6/src/configure --disable-checking --enable-werror --prefix=/usr --mandir=/share/man --enable-languages=c,objc,c++,obj-c++ --program-transform-name=/^[cg][^.-]*$/s/$/-4.2/ --with-slibdir=/usr/lib --build=i686-apple-darwin10 --program-prefix=i686-apple-darwin10- --host=x86_64-apple-darwin10 --target=i686-apple-darwin10 --with-gxx-include-dir=/include/c++/4.2.1
Thread model: posix
gcc version 4.2.1 (Apple Inc. build 5666) (dot 3)
configure:2783: $? = 0
configure:2790: gcc -V >&5
gcc-4.2: argument to `-V' is missing
configure:2793: $? = 1
configure:2816: checking for C compiler default output file name
configure:2843: gcc    conftest.c  >&5
configure:2846: $? = 0
configure:2884: result: a.out
configure:2901: checking whether the C compiler works
configure:2911: ./a.out
configure:2914: $? = 0
configure:2931: result: yes
configure:2938: checking whether we are cross compiling
configure:2940: result: no
configure:2943: checking for suffix of executables
configure:2950: gcc -o conftest    conftest.c  >&5
configure:2953: $? = 0
configure:2977: result: 
configure:2983: checking for suffix of object files
configure:3009: gcc -c   conftest.c >&5
configure:3012: $? = 0
configure:3035: result: o
configure:3039: checking whether we are using the GNU C compiler
configure:3068: gcc -c   conftest.c >&5
configure:3074: $? = 0
configure:3091: result: yes
configure:3096: checking whether gcc accepts -g
configure:3126: gcc -c -g  conftest.c >&5
configure:3132: $? = 0
configure:3231: result: yes
configure:3248: checking for gcc option to accept ISO C89
configure:3322: gcc  -c -g -O2  conftest.c >&5
configure:3328: $? = 0
configure:3351: result: none needed
configure:3380: checking for style of include used by make
configure:3408: result: GNU
configure:3433: checking dependency style of gcc
configure:3524: result: gcc3
configure:3597: checking for g++
configure:3613: found /opt/local/bin/g++
configure:3624: result: g++
configure:3655: checking for C++ compiler version
configure:3662: g++ --version >&5
i686-apple-darwin10-g++-4.2.1 (GCC) 4.2.1 (Apple Inc. build 5666) (dot 3)
Copyright (C) 2007 Free Software Foundation, Inc.
This is free software; see the source for copying conditions.  There is NO
warranty; not even for MERCHANTABILITY or FITNESS FOR A PARTICULAR PURPOSE.

configure:3665: $? = 0
configure:3672: g++ -v >&5
Using built-in specs.
Target: i686-apple-darwin10
Configured with: /var/tmp/gcc/gcc-5666.3~6/src/configure --disable-checking --enable-werror --prefix=/usr --mandir=/share/man --enable-languages=c,objc,c++,obj-c++ --program-transform-name=/^[cg][^.-]*$/s/$/-4.2/ --with-slibdir=/usr/lib --build=i686-apple-darwin10 --program-prefix=i686-apple-darwin10- --host=x86_64-apple-darwin10 --target=i686-apple-darwin10 --with-gxx-include-dir=/include/c++/4.2.1
Thread model: posix
gcc version 4.2.1 (Apple Inc. build 5666) (dot 3)
configure:3675: $? = 0
configure:3682: g++ -V >&5
g++-4.2: argument to `-V' is missing
configure:3685: $? = 1
configure:3688: checking whether we are using the GNU C++ compiler
configure:3717: g++ -c   conftest.cpp >&5
configure:3723: $? = 0
configure:3740: result: yes
configure:3745: checking whether g++ accepts -g
configure:3775: g++ -c -g  conftest.cpp >&5
configure:3781: $? = 0
configure:3880: result: yes
configure:3905: checking dependency style of g++
configure:3996: result: gcc3
configure:4024: checking for a BSD-compatible install
configure:4080: result: /opt/local/bin/ginstall -c
configure:4091: checking whether ln -s works
configure:4095: result: yes
configure:4133: checking build system type
configure:4151: result: i386-apple-darwin10.7.0
configure:4173: checking host system type
configure:4188: result: i386-apple-darwin10.7.0
configure:4210: checking for a sed that does not truncate output
configure:4289: result: /opt/local/bin/gsed
configure:4307: checking for grep that handles long lines and -e
configure:4381: result: /usr/bin/grep
configure:4386: checking for egrep
configure:4464: result: /usr/bin/grep -E
configure:4469: checking for fgrep
configure:4547: result: /usr/bin/grep -F
configure:4582: checking for ld used by gcc
configure:4649: result: /usr/libexec/gcc/i686-apple-darwin10/4.2.1/ld
configure:4658: checking if the linker (/usr/libexec/gcc/i686-apple-darwin10/4.2.1/ld) is GNU ld
configure:4673: result: no
configure:4685: checking for BSD- or MS-compatible name lister (nm)
configure:4734: result: /usr/bin/nm
configure:4856: checking the name lister (/usr/bin/nm) interface
configure:4863: gcc -c -g -O2  conftest.c >&5
configure:4866: /usr/bin/nm "conftest.o"
configure:4869: output
0000000000000184 D _some_variable
configure:4876: result: BSD nm
configure:4880: checking the maximum length of command line arguments
configure:5000: result: 196608
configure:5017: checking whether the shell understands some XSI constructs
configure:5027: result: yes
configure:5031: checking whether the shell understands "+="
configure:5037: result: yes
configure:5072: checking for /usr/libexec/gcc/i686-apple-darwin10/4.2.1/ld option to reload object files
configure:5079: result: -r
configure:5106: checking how to recognize dependent libraries
configure:5296: result: pass_all
configure:5356: checking for ar
configure:5372: found /usr/bin/ar
configure:5383: result: ar
configure:5465: checking for strip
configure:5481: found /usr/bin/strip
configure:5492: result: strip
configure:5568: checking for ranlib
configure:5584: found /usr/bin/ranlib
configure:5595: result: ranlib
configure:5689: checking command to parse /usr/bin/nm output from gcc object
configure:5807: gcc -c -g -O2  conftest.c >&5
configure:5810: $? = 0
configure:5814: /usr/bin/nm conftest.o \| sed -n -e 's/^.*[	 ]\([BCDEGRST][BCDEGRST]*\)[	 ][	 ]*\([_A-Za-z][_A-Za-z0-9]*\)$/\1 \2 \2/p' \> conftest.nm
configure:5817: $? = 0
cannot find nm_test_var in conftest.nm
configure:5807: gcc -c -g -O2  conftest.c >&5
configure:5810: $? = 0
configure:5814: /usr/bin/nm conftest.o \| sed -n -e 's/^.*[	 ]\([BCDEGRST][BCDEGRST]*\)[	 ][	 ]*_\([_A-Za-z][_A-Za-z0-9]*\)$/\1 _\2 \2/p' \> conftest.nm
configure:5817: $? = 0
configure:5871: gcc -o conftest -g -O2   conftest.c conftstm.o >&5
configure:5874: $? = 0
configure:5912: result: ok
configure:6202: checking for dsymutil
configure:6218: found /usr/bin/dsymutil
configure:6229: result: dsymutil
configure:6298: checking for nmedit
configure:6314: found /usr/bin/nmedit
configure:6325: result: nmedit
configure:6394: checking for lipo
configure:6410: found /usr/bin/lipo
configure:6421: result: lipo
configure:6490: checking for otool
configure:6506: found /usr/bin/otool
configure:6517: result: otool
configure:6586: checking for otool64
configure:6616: result: no
configure:6665: checking for -single_module linker flag
gcc -g -O2  -o libconftest.dylib -dynamiclib -Wl,-single_module conftest.c
configure:6692: result: yes
configure:6694: checking for -exported_symbols_list linker flag
configure:6724: gcc -o conftest -g -O2   -Wl,-exported_symbols_list,conftest.sym conftest.c  >&5
configure:6730: $? = 0
configure:6749: result: yes
configure:6791: checking how to run the C preprocessor
configure:6831: gcc -E  conftest.c
configure:6837: $? = 0
configure:6868: gcc -E  conftest.c
conftest.c:10:28: error: ac_nonexistent.h: No such file or directory
configure:6874: $? = 1
configure: failed program was:
| /* confdefs.h.  */
| #define PACKAGE_NAME ""
| #define PACKAGE_TARNAME ""
| #define PACKAGE_VERSION ""
| #define PACKAGE_STRING ""
| #define PACKAGE_BUGREPORT ""
| #define PACKAGE "cmph"
| #define VERSION "1.0"
| /* end confdefs.h.  */
| #include <ac_nonexistent.h>
configure:6907: result: gcc -E
configure:6936: gcc -E  conftest.c
configure:6942: $? = 0
configure:6973: gcc -E  conftest.c
conftest.c:10:28: error: ac_nonexistent.h: No such file or directory
configure:6979: $? = 1
configure: failed program was:
| /* confdefs.h.  */
| #define PACKAGE_NAME ""
| #define PACKAGE_TARNAME ""
| #define PACKAGE_VERSION ""
| #define PACKAGE_STRING ""
| #define PACKAGE_BUGREPORT ""
| #define PACKAGE "cmph"
| #define VERSION "1.0"
| /* end confdefs.h.  */
| #include <ac_nonexistent.h>
configure:7017: checking for ANSI C header files
configure:7047: gcc -c -g -O2  conftest.c >&5
configure:7053: $? = 0
configure:7152: gcc -o conftest -g -O2   conftest.c  >&5
configure:7155: $? = 0
configure:7161: ./conftest
configure:7164: $? = 0
configure:7181: result: yes
configure:7205: checking for sys/types.h
configure:7226: gcc -c -g -O2  conftest.c >&5
configure:7232: $? = 0
configure:7248: result: yes
configure:7205: checking for sys/stat.h
configure:7226: gcc -c -g -O2  conftest.c >&5
configure:7232: $? = 0
configure:7248: result: yes
configure:7205: checking for stdlib.h
configure:7226: gcc -c -g -O2  conftest.c >&5
configure:7232: $? = 0
configure:7248: result: yes
configure:7205: checking for string.h
configure:7226: gcc -c -g -O2  conftest.c >&5
configure:7232: $? = 0
configure:7248: result: yes
configure:7205: checking for memory.h
configure:7226: gcc -c -g -O2  conftest.c >&5
configure:7232: $? = 0
configure:7248: result: yes
configure:7205: checking for strings.h
configure:7226: gcc -c -g -O2  conftest.c >&5
configure:7232: $? = 0
configure:7248: result: yes
configure:7205: checking for inttypes.h
configure:7226: gcc -c -g -O2  conftest.c >&5
configure:7232: $? = 0
configure:7248: result: yes
configure:7205: checking for stdint.h
configure:7226: gcc -c -g -O2  conftest.c >&5
configure:7232: $? = 0
configure:7248: result: yes
configure:7205: checking for unistd.h
configure:7226: gcc -c -g -O2  conftest.c >&5
configure:7232: $? = 0
configure:7248: result: yes
configure:7264: checking for dlfcn.h
configure:7285: gcc -c -g -O2  conftest.c >&5
configure:7291: $? = 0
configure:7307: result: yes
configure:7436: checking for C++ compiler version
configure:7443: g++ --version >&5
i686-apple-darwin10-g++-4.2.1 (GCC) 4.2.1 (Apple Inc. build 5666) (dot 3)
Copyright (C) 2007 Free Software Foundation, Inc.
This is free software; see the source for copying conditions.  There is NO
warranty; not even for MERCHANTABILITY or FITNESS FOR A PARTICULAR PURPOSE.

configure:7446: $? = 0
configure:7453: g++ -v >&5
Using built-in specs.
Target: i686-apple-darwin10
Configured with: /var/tmp/gcc/gcc-5666.3~6/src/configure --disable-checking --enable-werror --prefix=/usr --mandir=/share/man --enable-languages=c,objc,c++,obj-c++ --program-transform-name=/^[cg][^.-]*$/s/$/-4.2/ --with-slibdir=/usr/lib --build=i686-apple-darwin10 --program-prefix=i686-apple-darwin10- --host=x86_64-apple-darwin10 --target=i686-apple-darwin10 --with-gxx-include-dir=/include/c++/4.2.1
Thread model: posix
gcc version 4.2.1 (Apple Inc. build 5666) (dot 3)
configure:7456: $? = 0
configure:7463: g++ -V >&5
g++-4.2: argument to `-V' is missing
configure:7466: $? = 1
configure:7469: checking whether we are using the GNU C++ compiler
configure:7521: result: yes
configure:7526: checking whether g++ accepts -g
configure:7661: result: yes
configure:7686: checking dependency style of g++
configure:7777: result: gcc3
configure:7800: checking how to run the C++ preprocessor
configure:7836: g++ -E  conftest.cpp
configure:7842: $? = 0
configure:7873: g++ -E  conftest.cpp
conftest.cpp:21:28: error: ac_nonexistent.h: No such file or directory
configure:7879: $? = 1
configure: failed program was:
| /* confdefs.h.  */
| #define PACKAGE_NAME ""
| #define PACKAGE_TARNAME ""
| #define PACKAGE_VERSION ""
| #define PACKAGE_STRING ""
| #define PACKAGE_BUGREPORT ""
| #define PACKAGE "cmph"
| #define VERSION "1.0"
| #define STDC_HEADERS 1
| #define HAVE_SYS_TYPES_H 1
| #define HAVE_SYS_STAT_H 1
| #define HAVE_STDLIB_H 1
| #define HAVE_STRING_H 1
| #define HAVE_MEMORY_H 1
| #define HAVE_STRINGS_H 1
| #define HAVE_INTTYPES_H 1
| #define HAVE_STDINT_H 1
| #define HAVE_UNISTD_H 1
| #define HAVE_DLFCN_H 1
| /* end confdefs.h.  */
| #include <ac_nonexistent.h>
configure:7912: result: g++ -E
configure:7941: g++ -E  conftest.cpp
configure:7947: $? = 0
configure:7978: g++ -E  conftest.cpp
conftest.cpp:21:28: error: ac_nonexistent.h: No such file or directory
configure:7984: $? = 1
configure: failed program was:
| /* confdefs.h.  */
| #define PACKAGE_NAME ""
| #define PACKAGE_TARNAME ""
| #define PACKAGE_VERSION ""
| #define PACKAGE_STRING ""
| #define PACKAGE_BUGREPORT ""
| #define PACKAGE "cmph"
| #define VERSION "1.0"
| #define STDC_HEADERS 1
| #define HAVE_SYS_TYPES_H 1
| #define HAVE_SYS_STAT_H 1
| #define HAVE_STDLIB_H 1
| #define HAVE_STRING_H 1
| #define HAVE_MEMORY_H 1
| #define HAVE_STRINGS_H 1
| #define HAVE_INTTYPES_H 1
| #define HAVE_STDINT_H 1
| #define HAVE_UNISTD_H 1
| #define HAVE_DLFCN_H 1
| /* end confdefs.h.  */
| #include <ac_nonexistent.h>
configure:8196: checking for objdir
configure:8211: result: .libs
configure:8503: checking if gcc supports -fno-rtti -fno-exceptions
configure:8521: gcc -c -g -O2  -fno-rtti -fno-exceptions conftest.c >&5
cc1: warning: command line option "-fno-rtti" is valid for C++/ObjC++ but not for C
configure:8525: $? = 0
configure:8538: result: no
configure:8558: checking for gcc option to produce PIC
configure:8815: result: -fno-common -DPIC
configure:8827: checking if gcc PIC flag -fno-common -DPIC works
configure:8845: gcc -c -g -O2  -fno-common -DPIC -DPIC conftest.c >&5
configure:8849: $? = 0
configure:8862: result: yes
configure:8886: checking if gcc static flag -static works
configure:8914: result: no
configure:8929: checking if gcc supports -c -o file.o
configure:8950: gcc -c -g -O2  -o out/conftest2.o conftest.c >&5
configure:8954: $? = 0
configure:8976: result: yes
configure:8984: checking if gcc supports -c -o file.o
configure:9031: result: yes
configure:9064: checking whether the gcc linker (/usr/libexec/gcc/i686-apple-darwin10/4.2.1/ld) supports shared libraries
configure:10118: result: yes
configure:10357: checking dynamic linker characteristics
configure:11036: result: darwin10.7.0 dyld
configure:11138: checking how to hardcode library paths into programs
configure:11163: result: immediate
configure:11976: checking whether stripping libraries is possible
configure:11990: result: yes
configure:12016: checking if libtool supports shared libraries
configure:12018: result: yes
configure:12021: checking whether to build shared libraries
configure:12042: result: yes
configure:12045: checking whether to build static libraries
configure:12049: result: yes
configure:12199: checking for ld used by g++
configure:12266: result: /usr/libexec/gcc/i686-apple-darwin10/4.2.1/ld
configure:12275: checking if the linker (/usr/libexec/gcc/i686-apple-darwin10/4.2.1/ld) is GNU ld
configure:12290: result: no
configure:12345: checking whether the g++ linker (/usr/libexec/gcc/i686-apple-darwin10/4.2.1/ld) supports shared libraries
configure:13307: result: yes
configure:13335: g++ -c -g -O2  conftest.cpp >&5
configure:13338: $? = 0
configure:13520: checking for g++ option to produce PIC
configure:13829: result: -fno-common -DPIC
configure:13838: checking if g++ PIC flag -fno-common -DPIC works
configure:13856: g++ -c -g -O2  -fno-common -DPIC -DPIC conftest.cpp >&5
configure:13860: $? = 0
configure:13873: result: yes
configure:13894: checking if g++ static flag -static works
configure:13922: result: no
configure:13934: checking if g++ supports -c -o file.o
configure:13955: g++ -c -g -O2  -o out/conftest2.o conftest.cpp >&5
configure:13959: $? = 0
configure:13981: result: yes
configure:13986: checking if g++ supports -c -o file.o
configure:14033: result: yes
configure:14063: checking whether the g++ linker (/usr/libexec/gcc/i686-apple-darwin10/4.2.1/ld) supports shared libraries
configure:14089: result: yes
configure:14226: checking dynamic linker characteristics
configure:14853: result: darwin10.7.0 dyld
configure:14904: checking how to hardcode library paths into programs
configure:14929: result: immediate
configure:15037: checking for getconf
configure:15053: found /usr/bin/getconf
configure:15064: result: getconf
configure:15090: checking for CFLAGS value to request large file support
configure:15152: result: no
configure:15154: checking for LDFLAGS value to request large file support
configure:15164: result: no
configure:15166: checking for LIBS value to request large file support
configure:15176: result: no
configure:15221: checking for _FILE_OFFSET_BITS
configure:15238: result: no
configure:15252: checking for _LARGEFILE_SOURCE
configure:15273: result: no
configure:15282: checking for _LARGE_FILES
configure:15303: result: no
configure:15344: checking getopt.h usability
configure:15361: gcc -c -g -O2   conftest.c >&5
configure:15367: $? = 0
configure:15381: result: yes
configure:15385: checking getopt.h presence
configure:15400: gcc -E  conftest.c
configure:15406: $? = 0
configure:15420: result: yes
configure:15448: checking for getopt.h
configure:15456: result: yes
configure:15344: checking math.h usability
configure:15361: gcc -c -g -O2   conftest.c >&5
configure:15367: $? = 0
configure:15381: result: yes
configure:15385: checking math.h presence
configure:15400: gcc -E  conftest.c
configure:15406: $? = 0
configure:15420: result: yes
configure:15448: checking for math.h
configure:15456: result: yes
configure:15687: checking if there is spoon
configure:15689: result: no
configure:15822: creating ./config.status

## ---------------------- ##
## Running config.status. ##
## ---------------------- ##

This file was extended by config.status, which was
generated by GNU Autoconf 2.61.  Invocation command line was

  CONFIG_FILES    = 
  CONFIG_HEADERS  = 
  CONFIG_LINKS    = 
  CONFIG_COMMANDS = 
  $ ./config.status 

on air.lan

config.status:912: creating Makefile
config.status:912: creating src/Makefile
config.status:912: creating tests/Makefile
config.status:912: creating examples/Makefile
config.status:912: creating man/Makefile
config.status:912: creating cmph.pc
config.status:912: creating config.h
config.status:1188: executing depfiles commands
config.status:1188: executing libtool commands

## ---------------- ##
## Cache variables. ##
## ---------------- ##

ac_cv_build=i386-apple-darwin10.7.0
ac_cv_c_compiler_gnu=yes
ac_cv_cxx_compiler_gnu=yes
ac_cv_env_CCC_set=
ac_cv_env_CCC_value=
ac_cv_env_CC_set=
ac_cv_env_CC_value=
ac_cv_env_CFLAGS_set=
ac_cv_env_CFLAGS_value=
ac_cv_env_CPPFLAGS_set=
ac_cv_env_CPPFLAGS_value=
ac_cv_env_CPP_set=
ac_cv_env_CPP_value=
ac_cv_env_CXXCPP_set=
ac_cv_env_CXXCPP_value=
ac_cv_env_CXXFLAGS_set=
ac_cv_env_CXXFLAGS_value=
ac_cv_env_CXX_set=
ac_cv_env_CXX_value=
ac_cv_env_LDFLAGS_set=
ac_cv_env_LDFLAGS_value=
ac_cv_env_LIBS_set=
ac_cv_env_LIBS_value=
ac_cv_env_build_alias_set=
ac_cv_env_build_alias_value=
ac_cv_env_host_alias_set=
ac_cv_env_host_alias_value=
ac_cv_env_target_alias_set=
ac_cv_env_target_alias_value=
ac_cv_header_dlfcn_h=yes
ac_cv_header_getopt_h=yes
ac_cv_header_inttypes_h=yes
ac_cv_header_math_h=yes
ac_cv_header_memory_h=yes
ac_cv_header_stdc=yes
ac_cv_header_stdint_h=yes
ac_cv_header_stdlib_h=yes
ac_cv_header_string_h=yes
ac_cv_header_strings_h=yes
ac_cv_header_sys_stat_h=yes
ac_cv_header_sys_types_h=yes
ac_cv_header_unistd_h=yes
ac_cv_host=i386-apple-darwin10.7.0
ac_cv_objext=o
ac_cv_path_EGREP='/usr/bin/grep -E'
ac_cv_path_FGREP='/usr/bin/grep -F'
ac_cv_path_GREP=/usr/bin/grep
ac_cv_path_SED=/opt/local/bin/gsed
ac_cv_path_install='/opt/local/bin/ginstall -c'
ac_cv_path_mkdir=/opt/local/bin/gmkdir
ac_cv_prog_AWK=gawk
ac_cv_prog_CPP='gcc -E'
ac_cv_prog_CXXCPP='g++ -E'
ac_cv_prog_ac_ct_AR=ar
ac_cv_prog_ac_ct_CC=gcc
ac_cv_prog_ac_ct_CXX=g++
ac_cv_prog_ac_ct_DSYMUTIL=dsymutil
ac_cv_prog_ac_ct_GETCONF=getconf
ac_cv_prog_ac_ct_LIPO=lipo
ac_cv_prog_ac_ct_NMEDIT=nmedit
ac_cv_prog_ac_ct_OTOOL=otool
ac_cv_prog_ac_ct_RANLIB=ranlib
ac_cv_prog_ac_ct_STRIP=strip
ac_cv_prog_cc_c89=
ac_cv_prog_cc_g=yes
ac_cv_prog_cxx_g=yes
ac_cv_prog_make_make_set=yes
ac_cv_sys_file_offset_bits=no
ac_cv_sys_large_files=no
ac_cv_sys_largefile_CFLAGS=
ac_cv_sys_largefile_LDFLAGS=
ac_cv_sys_largefile_LIBS=
ac_cv_sys_largefile_source=no
am_cv_CC_dependencies_compiler_type=gcc3
am_cv_CXX_dependencies_compiler_type=gcc3
lt_cv_apple_cc_single_mod=yes
lt_cv_deplibs_check_method=pass_all
lt_cv_file_magic_cmd='$MAGIC_CMD'
lt_cv_file_magic_test_file=
lt_cv_ld_exported_symbols_list=yes
lt_cv_ld_reload_flag=-r
lt_cv_nm_interface='BSD nm'
lt_cv_objdir=.libs
lt_cv_path_LD=/usr/libexec/gcc/i686-apple-darwin10/4.2.1/ld
lt_cv_path_LDCXX=/usr/libexec/gcc/i686-apple-darwin10/4.2.1/ld
lt_cv_path_NM=/usr/bin/nm
lt_cv_prog_compiler_c_o=yes
lt_cv_prog_compiler_c_o_CXX=yes
lt_cv_prog_compiler_pic_works=yes
lt_cv_prog_compiler_pic_works_CXX=yes
lt_cv_prog_compiler_rtti_exceptions=no
lt_cv_prog_compiler_static_works=no
lt_cv_prog_compiler_static_works_CXX=no
lt_cv_prog_gnu_ld=no
lt_cv_prog_gnu_ldcxx=no
lt_cv_sys_global_symbol_pipe='sed -n -e '\''s/^.*[	 ]\([BCDEGRST][BCDEGRST]*\)[	 ][	 ]*_\([_A-Za-z][_A-Za-z0-9]*\)$/\1 _\2 \2/p'\'''
lt_cv_sys_global_symbol_to_c_name_address='sed -n -e '\''s/^: \([^ ]*\) $/  {\"\1\", (void *) 0},/p'\'' -e '\''s/^[BCDEGRST]* \([^ ]*\) \([^ ]*\)$/  {"\2", (void *) \&\2},/p'\'''
lt_cv_sys_global_symbol_to_c_name_address_lib_prefix='sed -n -e '\''s/^: \([^ ]*\) $/  {\"\1\", (void *) 0},/p'\'' -e '\''s/^[BCDEGRST]* \([^ ]*\) \(lib[^ ]*\)$/  {"\2", (void *) \&\2},/p'\'' -e '\''s/^[BCDEGRST]* \([^ ]*\) \([^ ]*\)$/  {"lib\2", (void *) \&\2},/p'\'''
lt_cv_sys_global_symbol_to_cdecl='sed -n -e '\''s/^T .* \(.*\)$/extern int \1();/p'\'' -e '\''s/^[BCDEGRST]* .* \(.*\)$/extern char \1;/p'\'''
lt_cv_sys_max_cmd_len=196608

## ----------------- ##
## Output variables. ##
## ----------------- ##

ACLOCAL='${SHELL} /Users/rurban/Software/cmph-1.0/missing --run aclocal-1.10'
AMDEPBACKSLASH='\'
AMDEP_FALSE='#'
AMDEP_TRUE=''
AMTAR='${SHELL} /Users/rurban/Software/cmph-1.0/missing --run tar'
AR='ar'
AUTOCONF='${SHELL} /Users/rurban/Software/cmph-1.0/missing --run autoconf'
AUTOHEADER='${SHELL} /Users/rurban/Software/cmph-1.0/missing --run autoheader'
AUTOMAKE='${SHELL} /Users/rurban/Software/cmph-1.0/missing --run automake-1.10'
AWK='gawk'
CC='gcc'
CCDEPMODE='depmode=gcc3'
CFLAGS='-g -O2 '
CPP='gcc -E'
CPPFLAGS=''
CXX='g++'
CXXCPP='g++ -E'
CXXDEPMODE='depmode=gcc3'
CXXFLAGS='-g -O2'
CYGPATH_W='echo'
DEFS='-DHAVE_CONFIG_H'
DEPDIR='.deps'
DSYMUTIL='dsymutil'
DUMPBIN=''
ECHO_C=''
ECHO_N='-n'
ECHO_T=''
EGREP='/usr/bin/grep -E'
EXEEXT=''
FGREP='/usr/bin/grep -F'
GETCONF='getconf'
GREP='/usr/bin/grep'
INSTALL_DATA='${INSTALL} -m 644'
INSTALL_PROGRAM='${INSTALL}'
INSTALL_SCRIPT='${INSTALL}'
INSTALL_STRIP_PROGRAM='$(install_sh) -c -s'
LD='/usr/libexec/gcc/i686-apple-darwin10/4.2.1/ld'
LDFLAGS='  '
LIBM=''
LIBOBJS=''
LIBS=' '
LIBTOOL='$(SHELL) $(top_builddir)/libtool'
LIPO='lipo'
LN_S='ln -s'
LTLIBOBJS=''
MAKEINFO='${SHELL} /Users/rurban/Software/cmph-1.0/missing --run makeinfo'
NM='/usr/bin/nm'
NMEDIT='nmedit'
OBJEXT='o'
OTOOL64=':'
OTOOL='otool'
PACKAGE='cmph'
PACKAGE_BUGREPORT=''
PACKAGE_NAME=''
PACKAGE_STRING=''
PACKAGE_TARNAME=''
PACKAGE_VERSION=''
PATH_SEPARATOR=':'
RANLIB='ranlib'
SED='/opt/local/bin/gsed'
SET_MAKE=''
SHELL='/bin/sh'
STRIP='strip'
VERSION='1.0'
ac_ct_CC='gcc'
ac_ct_CXX='g++'
ac_ct_DUMPBIN=''
am__fastdepCC_FALSE='#'
am__fastdepCC_TRUE=''
am__fastdepCXX_FALSE='#'
am__fastdepCXX_TRUE=''
am__include='include'
am__isrc=''
am__leading_dot='.'
am__quote=''
am__tar='${AMTAR} chof - "$$tardir"'
am__untar='${AMTAR} xf -'
bindir='${exec_prefix}/bin'
build='i386-apple-darwin10.7.0'
build_alias=''
build_cpu='i386'
build_os='darwin10.7.0'
build_vendor='apple'
datadir='${datarootdir}'
datarootdir='${prefix}/share'
docdir='${datarootdir}/doc/${PACKAGE}'
dvidir='${docdir}'
exec_prefix='${prefix}'
host='i386-apple-darwin10.7.0'
host_alias=''
host_cpu='i386'
host_os='darwin10.7.0'
host_vendor='apple'
htmldir='${docdir}'
includedir='${prefix}/include'
infodir='${datarootdir}/info'
install_sh='$(SHELL) /Users/rurban/Software/cmph-1.0/install-sh'
libdir='${exec_prefix}/lib'
libexecdir='${exec_prefix}/libexec'
localedir='${datarootdir}/locale'
localstatedir='${prefix}/var'
lt_ECHO='echo'
mandir='${datarootdir}/man'
mkdir_p='/opt/local/bin/gmkdir -p'
oldincludedir='/usr/include'
pdfdir='${docdir}'
prefix='/usr/local'
program_transform_name='s,x,x,'
psdir='${docdir}'
sbindir='${exec_prefix}/sbin'
sharedstatedir='${prefix}/com'
sysconfdir='${prefix}/etc'
target_alias=''

## ----------- ##
## confdefs.h. ##
## ----------- ##

#define PACKAGE_NAME ""
#define PACKAGE_TARNAME ""
#define PACKAGE_VERSION ""
#define PACKAGE_STRING ""
#define PACKAGE_BUGREPORT ""
#define PACKAGE "cmph"
#define VERSION "1.0"
#define STDC_HEADERS 1
#define HAVE_SYS_TYPES_H 1
#define HAVE_SYS_STAT_H 1
#define HAVE_STDLIB_H 1
#define HAVE_STRING_H 1
#define HAVE_MEMORY_H 1
#define HAVE_STRINGS_H 1
#define HAVE_INTTYPES_H 1
#define HAVE_STDINT_H 1
#define HAVE_UNISTD_H 1
#define HAVE_DLFCN_H 1
#define LT_OBJDIR ".libs/"
#define HAVE_GETOPT_H 1
#define HAVE_MATH_H 1

configure: exit 0
